Jan 01 09:10 : exception: Failed to open '/home/yuki/.config/mpd/mpdstate': No such file or directory
Jan 01 09:14 : update: added /Go to the Sea.mp4
Jan 01 09:15 : ffmpeg/aac: Could not update timestamps for skipped samples.
Jan 01 09:16 : update: added /Yung Kai - Blue.mp4
Jan 01 09:20 : player: played "Yung Kai - Blue.mp4"
Jan 01 09:27 : ffmpeg/aac: Could not update timestamps for skipped samples.
Jan 01 09:32 : player: played "Go to the Sea.mp4"
Jan 01 09:35 : ffmpeg/aac: Could not update timestamps for skipped samples.
Jan 01 09:35 : ffmpeg/aac: Could not update timestamps for skipped samples.
Jan 01 09:39 : player: played "Yung Kai - Blue.mp4"
Jan 01 09:39 : ffmpeg/aac: Could not update timestamps for skipped samples.
Jan 01 09:44 : player: played "Go to the Sea.mp4"
Jan 01 09:47 : ffmpeg/aac: Could not update timestamps for skipped samples.
Jan 01 09:52 : player: played "Go to the Sea.mp4"
Jan 01 09:58 : player: played "Go to the Sea.mp4"
Jan 01 09:58 : update: added /anNina - Taishou a Higurashi no Naku Koro ni Kai ED (with Lyrics).mp3
Jan 01 10:02 : player: played "Yung Kai - Blue.mp4"
Jan 01 10:06 : player: played "anNina - Taishou a Higurashi no Naku Koro ni Kai ED (with Lyrics).mp3"
Jan 01 10:07 : update: added /茶太 - たそがれ空 - Chata - Tasogare Sora [9Y_mEHEBMbY].mp3
Jan 01 10:07 : update: added /NOH SALLEH - ANGIN KENCANG official music video.mp3
Jan 01 10:07 : update: added /Chata (茶太) - Rain (English sub).mp3
Jan 01 10:10 : player: played "NOH SALLEH - ANGIN KENCANG official music video.mp3"
Jan 01 10:10 : player: played "NOH SALLEH - ANGIN KENCANG official music video.mp3"
Jan 01 10:27 : player: played "Chata (茶太) - Rain (English sub).mp3"
Jan 01 10:32 : player: played "茶太 - たそがれ空 - Chata - Tasogare Sora [9Y_mEHEBMbY].mp3"
Jan 01 10:59 : player: played "茶太 - たそがれ空 - Chata - Tasogare Sora [9Y_mEHEBMbY].mp3"
Jan 01 11:56 : player: played "Chata (茶太) - Rain (English sub).mp3"
Jan 01 12:01 : player: played "茶太 - たそがれ空 - Chata - Tasogare Sora [9Y_mEHEBMbY].mp3"
Jan 02 06:44 : player: played "Yung Kai - Blue.mp4"
Jan 02 06:49 : player: played "anNina - Taishou a Higurashi no Naku Koro ni Kai ED (with Lyrics).mp3"
Jan 02 06:53 : player: played "NOH SALLEH - ANGIN KENCANG official music video.mp3"
Jan 02 06:57 : player: played "Chata (茶太) - Rain (English sub).mp3"
Jan 02 07:02 : player: played "茶太 - たそがれ空 - Chata - Tasogare Sora [9Y_mEHEBMbY].mp3"
Jan 02 07:07 : player: played "anNina - Taishou a Higurashi no Naku Koro ni Kai ED (with Lyrics).mp3"
Jan 02 07:11 : player: played "NOH SALLEH - ANGIN KENCANG official music video.mp3"
Jan 02 07:15 : player: played "Chata (茶太) - Rain (English sub).mp3"
Jan 02 07:19 : ffmpeg/aac: Could not update timestamps for skipped samples.
Jan 02 07:24 : player: played "Go to the Sea.mp4"
Jan 02 07:27 : player: played "Yung Kai - Blue.mp4"
Jan 02 07:30 : ffmpeg/aac: Could not update timestamps for skipped samples.
Jan 02 07:31 : ffmpeg/aac: Could not update timestamps for skipped samples.
Jan 02 07:31 : ffmpeg/aac: Could not update timestamps for skipped samples.
Jan 02 07:38 : ffmpeg/aac: Could not update timestamps for skipped samples.
Jan 02 07:40 : player: played "anNina - Taishou a Higurashi no Naku Koro ni Kai ED (with Lyrics).mp3"
Jan 02 09:19 : ffmpeg/aac: Could not update timestamps for skipped samples.
Jan 02 09:24 : player: played "Go to the Sea.mp4"
Jan 02 09:28 : player: played "Yung Kai - Blue.mp4"
Jan 02 09:32 : player: played "anNina - Taishou a Higurashi no Naku Koro ni Kai ED (with Lyrics).mp3"
Jan 02 09:36 : player: played "NOH SALLEH - ANGIN KENCANG official music video.mp3"
Jan 02 09:40 : player: played "Chata (茶太) - Rain (English sub).mp3"
Jan 02 09:46 : player: played "茶太 - たそがれ空 - Chata - Tasogare Sora [9Y_mEHEBMbY].mp3"
Jan 02 09:46 : ffmpeg/aac: Could not update timestamps for skipped samples.
Jan 02 09:51 : player: played "Go to the Sea.mp4"
Jan 02 09:55 : player: played "Yung Kai - Blue.mp4"
Jan 02 09:59 : player: played "anNina - Taishou a Higurashi no Naku Koro ni Kai ED (with Lyrics).mp3"
Jan 02 10:03 : player: played "NOH SALLEH - ANGIN KENCANG official music video.mp3"
Jan 02 10:07 : player: played "Chata (茶太) - Rain (English sub).mp3"
Jan 02 10:12 : player: played "茶太 - たそがれ空 - Chata - Tasogare Sora [9Y_mEHEBMbY].mp3"
Jan 02 10:26 : player: played "anNina - Taishou a Higurashi no Naku Koro ni Kai ED (with Lyrics).mp3"
Jan 02 10:30 : player: played "NOH SALLEH - ANGIN KENCANG official music video.mp3"
Jan 02 10:34 : player: played "Chata (茶太) - Rain (English sub).mp3"
Jan 02 10:39 : player: played "茶太 - たそがれ空 - Chata - Tasogare Sora [9Y_mEHEBMbY].mp3"
Jan 02 10:43 : player: played "Yung Kai - Blue.mp4"
Jan 02 10:47 : player: played "anNina - Taishou a Higurashi no Naku Koro ni Kai ED (with Lyrics).mp3"
Jan 02 11:47 : player: played "NOH SALLEH - ANGIN KENCANG official music video.mp3"
Jan 02 15:31 : player: played "茶太 - たそがれ空 - Chata - Tasogare Sora [9Y_mEHEBMbY].mp3"
Jan 02 15:35 : player: played "Chata (茶太) - Rain (English sub).mp3"
Jan 02 15:40 : player: played "茶太 - たそがれ空 - Chata - Tasogare Sora [9Y_mEHEBMbY].mp3"
Jan 02 15:50 : player: played "anNina - Taishou a Higurashi no Naku Koro ni Kai ED (with Lyrics).mp3"
Jan 02 15:54 : player: played "NOH SALLEH - ANGIN KENCANG official music video.mp3"
Jan 02 15:58 : player: played "Chata (茶太) - Rain (English sub).mp3"
Jan 02 16:03 : ffmpeg/aac: Could not update timestamps for skipped samples.
Jan 02 16:08 : player: played "Go to the Sea.mp4"
Jan 02 16:12 : player: played "Yung Kai - Blue.mp4"
Jan 02 16:16 : player: played "anNina - Taishou a Higurashi no Naku Koro ni Kai ED (with Lyrics).mp3"
Jan 02 16:20 : player: played "NOH SALLEH - ANGIN KENCANG official music video.mp3"
Jan 02 16:24 : player: played "Chata (茶太) - Rain (English sub).mp3"
Jan 02 16:29 : player: played "茶太 - たそがれ空 - Chata - Tasogare Sora [9Y_mEHEBMbY].mp3"
Jan 03 21:44 : update: added /Elliot James Reay - I Think They Call This Love (Official Music Video).mp3
Jan 03 21:44 : update: added /Reality Club - Anything You Want (Official Lyric Video).mp3
Jan 03 21:44 : update: added /Djo - End Of Beginning (Lyrics) and when i'm back in chicago i feel it.mp3
Jan 03 21:44 : update: added /天ノ弱164 feat.GUMI公式).mp3
Jan 03 21:44 : update: added /Dream, Ivory - welcome and goodbye (Official Video).mp3
Jan 03 21:49 : player: played "茶太 - たそがれ空 - Chata - Tasogare Sora [9Y_mEHEBMbY].mp3"
Jan 03 21:52 : player: played "Djo - End Of Beginning (Lyrics) and when i'm back in chicago i feel it.mp3"
Jan 03 21:54 : player: played "Dream, Ivory - welcome and goodbye (Official Video).mp3"
Jan 03 21:57 : player: played "Elliot James Reay - I Think They Call This Love (Official Music Video).mp3"
Jan 03 21:59 : player: played "Reality Club - Anything You Want (Official Lyric Video).mp3"
Jan 03 22:19 : ffmpeg/aac: Could not update timestamps for skipped samples.
Jan 03 22:20 : ffmpeg/aac: Could not update timestamps for skipped samples.
Jan 03 22:25 : player: played "Go to the Sea.mp4"
Jan 03 22:29 : player: played "Yung Kai - Blue.mp4"
Jan 03 22:33 : player: played "anNina - Taishou a Higurashi no Naku Koro ni Kai ED (with Lyrics).mp3"
Jan 03 22:37 : player: played "NOH SALLEH - ANGIN KENCANG official music video.mp3"
Jan 03 22:41 : player: played "Chata (茶太) - Rain (English sub).mp3"
Jan 03 22:46 : player: played "茶太 - たそがれ空 - Chata - Tasogare Sora [9Y_mEHEBMbY].mp3"
Jan 03 22:49 : player: played "Djo - End Of Beginning (Lyrics) and when i'm back in chicago i feel it.mp3"
Jan 03 22:52 : player: played "Dream, Ivory - welcome and goodbye (Official Video).mp3"
Jan 03 22:55 : player: played "Elliot James Reay - I Think They Call This Love (Official Music Video).mp3"
Jan 03 22:59 : player: played "Reality Club - Anything You Want (Official Lyric Video).mp3"
Jan 03 23:02 : player: played "天ノ弱164 feat.GUMI公式).mp3"
Jan 03 23:13 : player: played "anNina - Taishou a Higurashi no Naku Koro ni Kai ED (with Lyrics).mp3"
Jan 03 23:13 : player: played "NOH SALLEH - ANGIN KENCANG official music video.mp3"
Jan 04 09:01 : ffmpeg/aac: Could not update timestamps for skipped samples.
Jan 04 09:03 : ffmpeg/aac: Could not update timestamps for skipped samples.
Jan 04 09:07 : player: played "Yung Kai - Blue.mp4"
Jan 04 09:13 : player: played "Djo - End Of Beginning (Lyrics) and when i'm back in chicago i feel it.mp3"
Jan 04 09:16 : player: played "Dream, Ivory - welcome and goodbye (Official Video).mp3"
Jan 04 09:19 : player: played "Elliot James Reay - I Think They Call This Love (Official Music Video).mp3"
Jan 04 09:23 : player: played "Reality Club - Anything You Want (Official Lyric Video).mp3"
Jan 04 09:26 : player: played "天ノ弱164 feat.GUMI公式).mp3"
Jan 04 09:27 : ffmpeg/aac: Could not update timestamps for skipped samples.
Jan 04 09:33 : player: played "Go to the Sea.mp4"
Jan 04 09:36 : player: played "Yung Kai - Blue.mp4"
Jan 04 09:41 : player: played "anNina - Taishou a Higurashi no Naku Koro ni Kai ED (with Lyrics).mp3"
Jan 04 09:45 : player: played "NOH SALLEH - ANGIN KENCANG official music video.mp3"
Jan 04 09:48 : player: played "Chata (茶太) - Rain (English sub).mp3"
Jan 04 09:54 : player: played "茶太 - たそがれ空 - Chata - Tasogare Sora [9Y_mEHEBMbY].mp3"
Jan 04 09:56 : player: played "Djo - End Of Beginning (Lyrics) and when i'm back in chicago i feel it.mp3"
Jan 04 09:59 : player: played "Dream, Ivory - welcome and goodbye (Official Video).mp3"
Jan 04 13:32 : player: played "Elliot James Reay - I Think They Call This Love (Official Music Video).mp3"
Jan 04 19:57 : player: played "Dream, Ivory - welcome and goodbye (Official Video).mp3"
Jan 04 20:03 : player: played "Djo - End Of Beginning (Lyrics) and when i'm back in chicago i feel it.mp3"
Jan 04 20:54 : update: added /Koubou by Mami Kawada - Ending Shakugan no Shana 3 - lyrics romaji (sub eng & sub indo).mp3
Jan 04 20:58 : update: added /Thanks (You Version) (with lyrics).mp3
Jan 04 20:58 : update: added /Thanks (Vocal).mp3
Jan 04 21:20 : player: played "Koubou by Mami Kawada - Ending Shakugan no Shana 3 - lyrics romaji (sub eng & sub indo).mp3"
Jan 04 21:25 : player: played "Thanks (Vocal).mp3"
Jan 04 21:27 : ffmpeg/aac: Could not update timestamps for skipped samples.
Jan 04 21:28 : player: played "Thanks (You Version) (with lyrics).mp3"
Jan 04 21:33 : player: played "Go to the Sea.mp4"
Jan 04 21:36 : player: played "Yung Kai - Blue.mp4"
Jan 04 21:41 : player: played "anNina - Taishou a Higurashi no Naku Koro ni Kai ED (with Lyrics).mp3"
Jan 04 21:45 : player: played "NOH SALLEH - ANGIN KENCANG official music video.mp3"
Jan 04 21:49 : player: played "Chata (茶太) - Rain (English sub).mp3"
Jan 04 21:54 : player: played "茶太 - たそがれ空 - Chata - Tasogare Sora [9Y_mEHEBMbY].mp3"
Jan 04 21:57 : player: played "Djo - End Of Beginning (Lyrics) and when i'm back in chicago i feel it.mp3"
Jan 04 21:59 : player: played "Dream, Ivory - welcome and goodbye (Official Video).mp3"
Jan 04 22:02 : player: played "Elliot James Reay - I Think They Call This Love (Official Music Video).mp3"
Jan 04 22:06 : player: played "Reality Club - Anything You Want (Official Lyric Video).mp3"
Jan 04 22:09 : player: played "天ノ弱164 feat.GUMI公式).mp3"
Jan 04 22:15 : player: played "Koubou by Mami Kawada - Ending Shakugan no Shana 3 - lyrics romaji (sub eng & sub indo).mp3"
Jan 04 22:19 : player: played "Thanks (Vocal).mp3"
Jan 04 22:22 : ffmpeg/aac: Could not update timestamps for skipped samples.
Jan 04 22:22 : player: played "Thanks (You Version) (with lyrics).mp3"
Jan 04 22:27 : player: played "Go to the Sea.mp4"
Jan 04 22:31 : player: played "Yung Kai - Blue.mp4"
Jan 04 22:35 : player: played "anNina - Taishou a Higurashi no Naku Koro ni Kai ED (with Lyrics).mp3"
Jan 04 22:39 : player: played "NOH SALLEH - ANGIN KENCANG official music video.mp3"
Jan 04 22:43 : player: played "Chata (茶太) - Rain (English sub).mp3"
Jan 04 23:19 : player: played "茶太 - たそがれ空 - Chata - Tasogare Sora [9Y_mEHEBMbY].mp3"
Jan 05 17:06 : player: played "Djo - End Of Beginning (Lyrics) and when i'm back in chicago i feel it.mp3"
Jan 05 17:08 : player: played "Dream, Ivory - welcome and goodbye (Official Video).mp3"
Jan 05 17:13 : player: played "茶太 - たそがれ空 - Chata - Tasogare Sora [9Y_mEHEBMbY].mp3"
Jan 05 17:13 : ffmpeg/aac: Could not update timestamps for skipped samples.
Jan 05 17:19 : player: played "Go to the Sea.mp4"
Jan 05 17:22 : player: played "Yung Kai - Blue.mp4"
Jan 05 17:26 : player: played "anNina - Taishou a Higurashi no Naku Koro ni Kai ED (with Lyrics).mp3"
Jan 05 17:33 : player: played "Koubou by Mami Kawada - Ending Shakugan no Shana 3 - lyrics romaji (sub eng & sub indo).mp3"
Jan 05 17:38 : player: played "Thanks (Vocal).mp3"
Jan 05 17:41 : ffmpeg/aac: Could not update timestamps for skipped samples.
Jan 05 17:41 : player: played "Thanks (You Version) (with lyrics).mp3"
Jan 05 17:46 : player: played "Go to the Sea.mp4"
Jan 05 17:47 : player: played "Yung Kai - Blue.mp4"
Jan 06 19:00 : ffmpeg/aac: Could not update timestamps for skipped samples.
Jan 06 19:05 : player: played "Go to the Sea.mp4"
Jan 06 19:09 : player: played "Yung Kai - Blue.mp4"
Jan 06 19:13 : player: played "anNina - Taishou a Higurashi no Naku Koro ni Kai ED (with Lyrics).mp3"
Jan 06 19:17 : player: played "NOH SALLEH - ANGIN KENCANG official music video.mp3"
Jan 06 19:21 : player: played "Chata (茶太) - Rain (English sub).mp3"
Jan 06 19:29 : player: played "茶太 - たそがれ空 - Chata - Tasogare Sora [9Y_mEHEBMbY].mp3"
Jan 06 19:31 : player: played "Djo - End Of Beginning (Lyrics) and when i'm back in chicago i feel it.mp3"
Jan 06 19:34 : player: played "Dream, Ivory - welcome and goodbye (Official Video).mp3"
Jan 06 19:37 : player: played "Elliot James Reay - I Think They Call This Love (Official Music Video).mp3"
Jan 06 19:41 : player: played "Reality Club - Anything You Want (Official Lyric Video).mp3"
Jan 06 19:44 : player: played "天ノ弱164 feat.GUMI公式).mp3"
Jan 06 19:49 : player: played "Koubou by Mami Kawada - Ending Shakugan no Shana 3 - lyrics romaji (sub eng & sub indo).mp3"
Jan 06 19:54 : player: played "Thanks (Vocal).mp3"
Jan 06 19:57 : ffmpeg/aac: Could not update timestamps for skipped samples.
Jan 06 19:57 : player: played "Thanks (You Version) (with lyrics).mp3"
Jan 06 20:33 : player: played "Go to the Sea.mp4"
Jan 06 20:37 : player: played "Yung Kai - Blue.mp4"
Jan 06 20:41 : player: played "anNina - Taishou a Higurashi no Naku Koro ni Kai ED (with Lyrics).mp3"
Jan 06 20:45 : player: played "NOH SALLEH - ANGIN KENCANG official music video.mp3"
Jan 06 20:49 : player: played "Chata (茶太) - Rain (English sub).mp3"
Jan 06 20:54 : player: played "茶太 - たそがれ空 - Chata - Tasogare Sora [9Y_mEHEBMbY].mp3"
Jan 06 20:57 : player: played "Djo - End Of Beginning (Lyrics) and when i'm back in chicago i feel it.mp3"
Jan 06 20:59 : player: played "Dream, Ivory - welcome and goodbye (Official Video).mp3"
Jan 06 21:02 : player: played "Elliot James Reay - I Think They Call This Love (Official Music Video).mp3"
Jan 06 21:06 : player: played "Reality Club - Anything You Want (Official Lyric Video).mp3"
Jan 06 21:10 : player: played "天ノ弱164 feat.GUMI公式).mp3"
Jan 06 21:15 : player: played "Koubou by Mami Kawada - Ending Shakugan no Shana 3 - lyrics romaji (sub eng & sub indo).mp3"
Jan 06 21:19 : player: played "Thanks (Vocal).mp3"
Jan 06 21:22 : ffmpeg/aac: Could not update timestamps for skipped samples.
Jan 06 21:23 : player: played "Thanks (You Version) (with lyrics).mp3"
Jan 06 21:28 : player: played "Go to the Sea.mp4"
Jan 06 21:31 : player: played "Yung Kai - Blue.mp4"
Jan 06 21:36 : player: played "anNina - Taishou a Higurashi no Naku Koro ni Kai ED (with Lyrics).mp3"
Jan 06 21:40 : player: played "NOH SALLEH - ANGIN KENCANG official music video.mp3"
Jan 06 21:44 : player: played "Chata (茶太) - Rain (English sub).mp3"
Jan 06 21:49 : player: played "茶太 - たそがれ空 - Chata - Tasogare Sora [9Y_mEHEBMbY].mp3"
Jan 06 21:51 : player: played "Djo - End Of Beginning (Lyrics) and when i'm back in chicago i feel it.mp3"
Jan 06 21:54 : player: played "Dream, Ivory - welcome and goodbye (Official Video).mp3"
Jan 06 21:57 : player: played "Elliot James Reay - I Think They Call This Love (Official Music Video).mp3"
Jan 06 21:59 : player: played "Reality Club - Anything You Want (Official Lyric Video).mp3"
Jan 07 21:04 : ffmpeg/aac: Could not update timestamps for skipped samples.
Jan 07 21:09 : player: played "Go to the Sea.mp4"
Jan 07 21:13 : player: played "Yung Kai - Blue.mp4"
Jan 07 21:17 : player: played "anNina - Taishou a Higurashi no Naku Koro ni Kai ED (with Lyrics).mp3"
Jan 07 21:21 : player: played "NOH SALLEH - ANGIN KENCANG official music video.mp3"
Jan 07 21:25 : player: played "Chata (茶太) - Rain (English sub).mp3"
Jan 07 21:30 : player: played "茶太 - たそがれ空 - Chata - Tasogare Sora [9Y_mEHEBMbY].mp3"
Jan 07 21:33 : player: played "Djo - End Of Beginning (Lyrics) and when i'm back in chicago i feel it.mp3"
Jan 07 21:35 : player: played "Dream, Ivory - welcome and goodbye (Official Video).mp3"
Jan 07 21:39 : player: played "Elliot James Reay - I Think They Call This Love (Official Music Video).mp3"
Jan 07 21:43 : player: played "Reality Club - Anything You Want (Official Lyric Video).mp3"
Jan 07 21:46 : player: played "天ノ弱164 feat.GUMI公式).mp3"
Jan 07 21:51 : player: played "Koubou by Mami Kawada - Ending Shakugan no Shana 3 - lyrics romaji (sub eng & sub indo).mp3"
Jan 07 21:56 : player: played "Thanks (Vocal).mp3"
Jan 07 21:58 : ffmpeg/aac: Could not update timestamps for skipped samples.
Jan 07 21:59 : player: played "Thanks (You Version) (with lyrics).mp3"
Jan 07 22:04 : player: played "Go to the Sea.mp4"
Jan 07 22:07 : player: played "Yung Kai - Blue.mp4"
Jan 07 22:12 : player: played "anNina - Taishou a Higurashi no Naku Koro ni Kai ED (with Lyrics).mp3"
Jan 07 22:16 : player: played "NOH SALLEH - ANGIN KENCANG official music video.mp3"
Jan 07 22:20 : player: played "Chata (茶太) - Rain (English sub).mp3"
Jan 07 22:27 : player: played "茶太 - たそがれ空 - Chata - Tasogare Sora [9Y_mEHEBMbY].mp3"
Jan 08 15:56 : player: played "Koubou by Mami Kawada - Ending Shakugan no Shana 3 - lyrics romaji (sub eng & sub indo).mp3"
Jan 08 16:00 : player: played "Thanks (Vocal).mp3"
Jan 08 16:02 : player: played "Thanks (You Version) (with lyrics).mp3"
Jan 08 17:30 : player: played "anNina - Taishou a Higurashi no Naku Koro ni Kai ED (with Lyrics).mp3"
Jan 08 17:35 : player: played "anNina - Taishou a Higurashi no Naku Koro ni Kai ED (with Lyrics).mp3"
Jan 08 17:39 : player: played "NOH SALLEH - ANGIN KENCANG official music video.mp3"
Jan 08 17:40 : player: played "Chata (茶太) - Rain (English sub).mp3"
Jan 08 19:08 : player: played "Chata (茶太) - Rain (English sub).mp3"
Jan 08 19:13 : player: played "茶太 - たそがれ空 - Chata - Tasogare Sora [9Y_mEHEBMbY].mp3"
Jan 08 19:16 : player: played "Djo - End Of Beginning (Lyrics) and when i'm back in chicago i feel it.mp3"
Jan 08 19:18 : player: played "Dream, Ivory - welcome and goodbye (Official Video).mp3"
Jan 08 19:21 : player: played "Elliot James Reay - I Think They Call This Love (Official Music Video).mp3"
Jan 08 19:25 : player: played "Reality Club - Anything You Want (Official Lyric Video).mp3"
Jan 08 19:28 : player: played "天ノ弱164 feat.GUMI公式).mp3"
Jan 08 19:34 : player: played "Koubou by Mami Kawada - Ending Shakugan no Shana 3 - lyrics romaji (sub eng & sub indo).mp3"
Jan 08 19:43 : player: played "Thanks (Vocal).mp3"
Jan 08 19:46 : ffmpeg/aac: Could not update timestamps for skipped samples.
Jan 08 19:46 : player: played "Thanks (You Version) (with lyrics).mp3"
Jan 08 19:51 : player: played "Go to the Sea.mp4"
Jan 08 19:55 : player: played "Yung Kai - Blue.mp4"
Jan 08 19:59 : player: played "anNina - Taishou a Higurashi no Naku Koro ni Kai ED (with Lyrics).mp3"
Jan 08 20:08 : player: played "Chata (茶太) - Rain (English sub).mp3"
Jan 08 20:13 : player: played "茶太 - たそがれ空 - Chata - Tasogare Sora [9Y_mEHEBMbY].mp3"
Jan 08 20:16 : player: played "Djo - End Of Beginning (Lyrics) and when i'm back in chicago i feel it.mp3"
Jan 08 20:18 : player: played "Dream, Ivory - welcome and goodbye (Official Video).mp3"
Jan 08 20:22 : player: played "Elliot James Reay - I Think They Call This Love (Official Music Video).mp3"
Jan 08 20:25 : player: played "Reality Club - Anything You Want (Official Lyric Video).mp3"
Jan 08 20:29 : player: played "天ノ弱164 feat.GUMI公式).mp3"
Jan 08 20:34 : player: played "Koubou by Mami Kawada - Ending Shakugan no Shana 3 - lyrics romaji (sub eng & sub indo).mp3"
Jan 08 20:39 : player: played "Thanks (Vocal).mp3"
Jan 08 20:41 : ffmpeg/aac: Could not update timestamps for skipped samples.
Jan 08 20:42 : player: played "Thanks (You Version) (with lyrics).mp3"
Jan 08 20:47 : player: played "Go to the Sea.mp4"
Jan 08 20:50 : player: played "Yung Kai - Blue.mp4"
Jan 08 20:54 : player: played "Yung Kai - Blue.mp4"
Jan 08 20:59 : player: played "anNina - Taishou a Higurashi no Naku Koro ni Kai ED (with Lyrics).mp3"
Jan 08 21:54 : player: played "NOH SALLEH - ANGIN KENCANG official music video.mp3"
Jan 09 15:28 : player: played "Chata (茶太) - Rain (English sub).mp3"
Jan 09 15:33 : player: played "茶太 - たそがれ空 - Chata - Tasogare Sora [9Y_mEHEBMbY].mp3"
Jan 09 15:36 : player: played "Djo - End Of Beginning (Lyrics) and when i'm back in chicago i feel it.mp3"
Jan 09 15:38 : player: played "Dream, Ivory - welcome and goodbye (Official Video).mp3"
Jan 09 15:41 : player: played "Elliot James Reay - I Think They Call This Love (Official Music Video).mp3"
Jan 09 15:45 : player: played "Reality Club - Anything You Want (Official Lyric Video).mp3"
Jan 09 15:49 : player: played "天ノ弱164 feat.GUMI公式).mp3"
Jan 09 15:53 : player: played "Koubou by Mami Kawada - Ending Shakugan no Shana 3 - lyrics romaji (sub eng & sub indo).mp3"
Jan 09 16:42 : player: played "Koubou by Mami Kawada - Ending Shakugan no Shana 3 - lyrics romaji (sub eng & sub indo).mp3"
Jan 09 16:47 : player: played "Thanks (Vocal).mp3"
Jan 09 16:50 : ffmpeg/aac: Could not update timestamps for skipped samples.
Jan 09 16:50 : player: played "Thanks (You Version) (with lyrics).mp3"
Jan 09 16:55 : player: played "Go to the Sea.mp4"
Jan 09 16:59 : player: played "Yung Kai - Blue.mp4"
Jan 09 17:03 : player: played "anNina - Taishou a Higurashi no Naku Koro ni Kai ED (with Lyrics).mp3"
Jan 09 17:29 : player: played "茶太 - たそがれ空 - Chata - Tasogare Sora [9Y_mEHEBMbY].mp3"
Jan 09 21:04 : player: played "茶太 - たそがれ空 - Chata - Tasogare Sora [9Y_mEHEBMbY].mp3"
Jan 09 21:06 : player: played "Djo - End Of Beginning (Lyrics) and when i'm back in chicago i feel it.mp3"
Jan 09 21:09 : player: played "Dream, Ivory - welcome and goodbye (Official Video).mp3"
Jan 09 21:16 : player: played "Reality Club - Anything You Want (Official Lyric Video).mp3"
Jan 09 21:18 : update: added /Evangelion - Tsubasa wo Kudasai.mp3
Jan 09 21:23 : update: added /Suzumiya Haruhi Ending Special Version blu-ray (HD).mp3
Jan 09 21:23 : update: added /The End Of Evangelion - Komm Süsser Tod - Come Sweet Death (HQ).mp3
Jan 09 21:24 : update: added /DAOKO 米津玄師打上花火MUSIC VIDEO.mp3
Jan 09 21:24 : update: added /Galileo Galilei - Aoi Shiori.mp3
Jan 09 21:25 : update: added /God Knows - Haruhi Suzumiya (CV. Aya Hirano) [Romaji, Español, English, Lyrics].mp3
Jan 09 21:33 : player: played "God Knows - Haruhi Suzumiya (CV. Aya Hirano) [Romaji, Español, English, Lyrics].mp3"
Jan 09 21:38 : ffmpeg/aac: Could not update timestamps for skipped samples.
Jan 09 21:38 : player: played "DAOKO 米津玄師打上花火MUSIC VIDEO.mp3"
Jan 09 21:43 : player: played "Go to the Sea.mp4"
Jan 09 21:47 : player: played "Yung Kai - Blue.mp4"
Jan 09 21:52 : player: played "Evangelion - Tsubasa wo Kudasai.mp3"
Jan 09 21:57 : player: played "Galileo Galilei - Aoi Shiori.mp3"
Jan 09 22:05 : player: played "The End Of Evangelion - Komm Süsser Tod - Come Sweet Death (HQ).mp3"
Jan 09 22:06 : player: played "Suzumiya Haruhi Ending Special Version blu-ray (HD).mp3"
Jan 09 22:11 : player: played "God Knows - Haruhi Suzumiya (CV. Aya Hirano) [Romaji, Español, English, Lyrics].mp3"
Jan 09 22:15 : ffmpeg/aac: Could not update timestamps for skipped samples.
Jan 09 22:16 : player: played "DAOKO 米津玄師打上花火MUSIC VIDEO.mp3"
Jan 09 22:24 : player: played "Koubou by Mami Kawada - Ending Shakugan no Shana 3 - lyrics romaji (sub eng & sub indo).mp3"
Jan 09 22:37 : player: played "The End Of Evangelion - Komm Süsser Tod - Come Sweet Death (HQ).mp3"
Jan 10 22:46 : update: added /ヨルシカ - ただ君に晴れ (MUSIC VIDEO).mp3
Jan 10 22:46 : update: added /Putih Abu-Abu - Bagaikan Langit (Official Music Video).mp3
Jan 10 22:51 : ffmpeg/aac: Could not update timestamps for skipped samples.
Jan 10 22:51 : player: played "Putih Abu-Abu - Bagaikan Langit (Official Music Video).mp3"
Jan 10 23:05 : player: played "ヨルシカ - ただ君に晴れ (MUSIC VIDEO).mp3"
Jan 10 23:09 : ffmpeg/aac: Could not update timestamps for skipped samples.
Jan 10 23:09 : player: played "Putih Abu-Abu - Bagaikan Langit (Official Music Video).mp3"
Jan 10 23:17 : update: added /Surf Curse - Freaks [Official Audio].mp3
Jan 10 23:17 : update: added /JAWNY - Honeypie Animation MV (Full Version by SeanWay Studio) #animation @JAWNY.mp3
Jan 10 23:17 : update: added /Orangestar - アスノヨゾラ哨戒班 (feat. IA) Official Video.mp3
Jan 10 23:38 : player: played "ヨルシカ - ただ君に晴れ (MUSIC VIDEO).mp3"
Jan 10 23:46 : player: played "The End Of Evangelion - Komm Süsser Tod - Come Sweet Death (HQ).mp3"
Jan 10 23:47 : player: played "Suzumiya Haruhi Ending Special Version blu-ray (HD).mp3"
Jan 10 23:52 : player: played "God Knows - Haruhi Suzumiya (CV. Aya Hirano) [Romaji, Español, English, Lyrics].mp3"
Jan 10 23:52 : player: played "DAOKO 米津玄師打上花火MUSIC VIDEO.mp3"
Jan 11 12:50 : player: played "Putih Abu-Abu - Bagaikan Langit (Official Music Video).mp3"
Jan 11 15:10 : player: played "Yung Kai - Blue.mp4"
Jan 11 15:15 : player: played "anNina - Taishou a Higurashi no Naku Koro ni Kai ED (with Lyrics).mp3"
Jan 11 15:21 : player: played "茶太 - たそがれ空 - Chata - Tasogare Sora [9Y_mEHEBMbY].mp3"
Jan 11 15:24 : player: played "Djo - End Of Beginning (Lyrics) and when i'm back in chicago i feel it.mp3"
Jan 11 15:26 : player: played "Dream, Ivory - welcome and goodbye (Official Video).mp3"
Jan 11 15:29 : player: played "Elliot James Reay - I Think They Call This Love (Official Music Video).mp3"
Jan 11 15:33 : player: played "Reality Club - Anything You Want (Official Lyric Video).mp3"
Jan 11 15:36 : player: played "天ノ弱164 feat.GUMI公式).mp3"
Jan 11 15:42 : player: played "Koubou by Mami Kawada - Ending Shakugan no Shana 3 - lyrics romaji (sub eng & sub indo).mp3"
Jan 11 15:46 : player: played "Thanks (Vocal).mp3"
Jan 11 15:49 : player: played "Thanks (You Version) (with lyrics).mp3"
Jan 11 15:54 : player: played "Evangelion - Tsubasa wo Kudasai.mp3"
Jan 11 16:00 : player: played "Galileo Galilei - Aoi Shiori.mp3"
Jan 11 16:08 : player: played "The End Of Evangelion - Komm Süsser Tod - Come Sweet Death (HQ).mp3"
Jan 11 16:09 : player: played "Suzumiya Haruhi Ending Special Version blu-ray (HD).mp3"
Jan 11 16:13 : player: played "God Knows - Haruhi Suzumiya (CV. Aya Hirano) [Romaji, Español, English, Lyrics].mp3"
Jan 11 16:18 : player: played "DAOKO 米津玄師打上花火MUSIC VIDEO.mp3"
Jan 11 16:22 : player: played "ヨルシカ - ただ君に晴れ (MUSIC VIDEO).mp3"
Jan 11 16:26 : ffmpeg/aac: Could not update timestamps for skipped samples.
Jan 11 16:26 : player: played "Putih Abu-Abu - Bagaikan Langit (Official Music Video).mp3"
Jan 11 16:28 : player: played "Go to the Sea.mp4"
